<?xml version="1.0" encoding="UTF-8"?>
<robot generator="Robot 3.2.2 (Python 3.9.1 on win32)" generated="20210226 03:51:14.521" rpa="false">
<suite id="s1" name="Solution Valid Sec02" source="C:\Users\Admin\Desktop\Assignment-1\robotframework\Solution_Valid_Sec02.robot">
<test id="s1-t1" name="Open Event Registration Page">
<kw name="Open Browser" library="SeleniumLibrary">
<doc>Opens a new browser instance to the optional ``url``.</doc>
<arguments>
<arg>${REGISTER URL}</arg>
<arg>${BROWSER}</arg>
</arguments>
<msg timestamp="20210226 03:51:14.874" level="INFO">Opening browser 'Chrome' to base url 'http://localhost:7272/Sec02/EventRegistration.html'.</msg>
<kw name="Capture Page Screenshot" library="SeleniumLibrary">
<doc>Takes a screenshot of the current page and embeds it into a log file.</doc>
<msg timestamp="20210226 03:51:25.548" level="INFO" html="yes">&lt;/td&gt;&lt;/tr&gt;&lt;tr&gt;&lt;td colspan="3"&gt;&lt;a href="selenium-screenshot-3.png"&gt;&lt;img src="selenium-screenshot-3.png" width="800px"&gt;&lt;/a&gt;</msg>
<status status="PASS" starttime="20210226 03:51:25.210" endtime="20210226 03:51:25.548"></status>
</kw>
<msg timestamp="20210226 03:51:25.551" level="FAIL">WebDriverException: Message: unknown error: net::ERR_CONNECTION_REFUSED
  (Session info: chrome=88.0.4324.190)
</msg>
<status status="FAIL" starttime="20210226 03:51:14.874" endtime="20210226 03:51:25.551"></status>
</kw>
<status status="FAIL" starttime="20210226 03:51:14.874" endtime="20210226 03:51:25.551" critical="yes">WebDriverException: Message: unknown error: net::ERR_CONNECTION_REFUSED
  (Session info: chrome=88.0.4324.190)
</status>
</test>
<test id="s1-t2" name="Register Success">
<kw name="Input Text" library="SeleniumLibrary">
<doc>Types the given ``text`` into the text field identified by ``locator``.</doc>
<arguments>
<arg>firstname</arg>
<arg>${VALID FIRSTNAME}</arg>
</arguments>
<msg timestamp="20210226 03:51:25.553" level="INFO">Typing text 'Somsri' into text field 'firstname'.</msg>
<kw name="Capture Page Screenshot" library="SeleniumLibrary">
<doc>Takes a screenshot of the current page and embeds it into a log file.</doc>
<msg timestamp="20210226 03:51:25.877" level="INFO" html="yes">&lt;/td&gt;&lt;/tr&gt;&lt;tr&gt;&lt;td colspan="3"&gt;&lt;a href="selenium-screenshot-4.png"&gt;&lt;img src="selenium-screenshot-4.png" width="800px"&gt;&lt;/a&gt;</msg>
<status status="PASS" starttime="20210226 03:51:25.572" endtime="20210226 03:51:25.877"></status>
</kw>
<msg timestamp="20210226 03:51:25.877" level="FAIL">Element with locator 'firstname' not found.</msg>
<status status="FAIL" starttime="20210226 03:51:25.553" endtime="20210226 03:51:25.877"></status>
</kw>
<kw name="Close Browser" library="SeleniumLibrary" type="teardown">
<doc>Closes the current browser.</doc>
<status status="PASS" starttime="20210226 03:51:25.877" endtime="20210226 03:51:29.217"></status>
</kw>
<status status="FAIL" starttime="20210226 03:51:25.552" endtime="20210226 03:51:29.217" critical="yes">Element with locator 'firstname' not found.</status>
</test>
<status status="FAIL" starttime="20210226 03:51:14.531" endtime="20210226 03:51:29.217"></status>
</suite>
<statistics>
<total>
<stat pass="0" fail="2">Critical Tests</stat>
<stat pass="0" fail="2">All Tests</stat>
</total>
<tag>
</tag>
<suite>
<stat pass="0" fail="2" id="s1" name="Solution Valid Sec02">Solution Valid Sec02</stat>
</suite>
</statistics>
<errors>
</errors>
</robot>
