<?xml version="1.0" encoding="UTF-8"?>
<robot generator="Robot 3.2.2 (Python 3.9.1 on win32)" generated="20210226 16:27:13.112" rpa="false">
<suite id="s1" name="Test" source="C:\Users\Admin\Desktop\Assignment-1\robotframework\test.robot">
<test id="s1-t1" name="Go To homepage">
<kw name="Open Browser" library="SeleniumLibrary">
<doc>Opens a new browser instance to the optional ``url``.</doc>
<arguments>
<arg>${HOMEPAGE}</arg>
<arg>${BROWSER}</arg>
</arguments>
<msg timestamp="20210226 16:27:13.402" level="INFO">Opening browser 'chrome' to base url 'http://www.google.com'.</msg>
<status status="PASS" starttime="20210226 16:27:13.402" endtime="20210226 16:27:16.225"></status>
</kw>
<status status="PASS" starttime="20210226 16:27:13.402" endtime="20210226 16:27:16.226" critical="yes"></status>
</test>
<status status="PASS" starttime="20210226 16:27:13.112" endtime="20210226 16:27:16.227"></status>
</suite>
<statistics>
<total>
<stat pass="1" fail="0">Critical Tests</stat>
<stat pass="1" fail="0">All Tests</stat>
</total>
<tag>
</tag>
<suite>
<stat pass="1" fail="0" id="s1" name="Test">Test</stat>
</suite>
</statistics>
<errors>
</errors>
</robot>
